<?xml version="1.0" encoding="UTF-8" ?>
<testsuite tests="2" failures="0" name="Recipe.JpaHibernateDemo.CommandConverters.UnitOfMeasureEntityToUnitOfMeasureCommandTestSuite" time="0.013" errors="0" skipped="0">
  <properties>
[...]
</properties>
  <testcase classname="Recipe.JpaHibernateDemo.CommandConverters.UnitOfMeasureEntityToUnitOfMeasureCommandTestSuite" name="testConvert" time="0.003"/>
  <testcase classname="Recipe.JpaHibernateDemo.CommandConverters.UnitOfMeasureEntityToUnitOfMeasureCommandTestSuite" name="nullCheck" time="0.004"/>
</testsuite>